<?xml version="1.0" encoding="UTF-8"?>
<testsuite xmlns:xsi="http://www.w3.org/2001/XMLSchema-instance" xsi:noNamespaceSchemaLocation="https://maven.apache.org/surefire/maven-surefire-plugin/xsd/surefire-test-report.xsd" version="3.0.2" name="com.example.todo.TodoApplicationTests" time="2.61" tests="1" errors="0" skipped="0" failures="0">
  <properties>
[...]
</properties>
  <testcase name="contextLoads" classname="com.example.todo.TodoApplicationTests" time="1.028">
    <system-out><![CDATA[19:08:11.950 [main] INFO org.springframework.test.context.support.AnnotationConfigContextLoaderUtils -- Could not detect default configuration classes for test class [com.example.todo.TodoApplicationTests]: TodoApplicationTests does not declare any static, non-private, non-final, nested classes annotated with @Configuration.
19:08:12.110 [main] INFO org.springframework.boot.test.context.SpringBootTestContextBootstrapper -- Found @SpringBootConfiguration com.example.todo.TodoApplication for test class com.example.todo.TodoApplicationTests

  .   ____          _            __ _ _
 /\\ / ___'_ __ _ _(_)_ __  __ _ \ \ \ \
( ( )\___ | '_ | '_| | '_ \/ _` | \ \ \ \
 \\/  ___)| |_)| | | | | || (_| |  ) ) ) )
  '  |____| .__|_| |_|_| |_\__, | / / / /
 =========|_|==============|___/=/_/_/_/

 :: Spring Boot ::                (v3.4.1)

2024-12-31T19:08:12.652+01:00  INFO 17548 --- [todo] [           main] com.example.todo.TodoApplicationTests    : Starting TodoApplicationTests using Java 17.0.12 with PID 17548 (started by acer in C:\Users\acer\eclipse-workspace\todo)
2024-12-31T19:08:12.655+01:00  INFO 17548 --- [todo] [           main] com.example.todo.TodoApplicationTests    : No active profile set, falling back to 1 default profile: "default"
2024-12-31T19:08:13.272+01:00  INFO 17548 --- [todo] [           main] com.example.todo.TodoApplicationTests    : Started TodoApplicationTests in 0.985 seconds (process running for 2.333)
]]></system-out>
  </testcase>
</testsuite>